[35m[Appium][39m Welcome to Appium v1.22.3
[35m[Appium][39m Non-default server args:
[35m[Appium][39m   port: 53869
[35m[Appium][39m   loglevel: info
[35m[Appium][39m   tmpDir: C:\Users\095058\AppData\Local\Temp\\Katalon\Appium\Temp1657774103067
[35m[Appium][39m   chromedriverPort: 53870
[35m[Appium][39m Deprecated server args:
[35m[Appium][39m   [31m--chromedriver-port[39m => --default-capabilities
[35m[Appium][39m Default capabilities, which will be added to each request unless overridden by desired capabilities:
[35m[Appium][39m   chromedriverPort: 53870
[35m[Appium][39m Appium REST http interface listener started on 0.0.0.0:53869
[35m[HTTP][39m [37m-->[39m [37mGET[39m [37m/wd/hub/status[39m
[35m[HTTP][39m [90m{}[39m
[35m[HTTP][39m [37m<-- GET /wd/hub/status [39m[32m200[39m [90m13 ms - 68[39m
[35m[HTTP][39m [90m[39m
[35m[HTTP][39m [37m-->[39m [37mGET[39m [37m/wd/hub/status[39m
[35m[HTTP][39m [90m{}[39m
[35m[HTTP][39m [37m<-- GET /wd/hub/status [39m[32m200[39m [90m2 ms - 68[39m
[35m[HTTP][39m [90m[39m
[35m[HTTP][39m [37m-->[39m [37mPOST[39m [37m/wd/hub/session[39m
[35m[HTTP][39m [90m{"desiredCapabilities":{"appActivity":".Settings","appPackage":"com.android.settings","newCommandTimeout":1800,"platformVersion":"7.1.2","automationName":"uiautomator2","autoGrantPermissions":true,"platformName":"Android","udid":"emulator-5554","deviceName":"emulator-5554 (SM-G9880 - Android 7.1.2)","platform":"ANDROID","systemPort":8272},"capabilities":{"firstMatch":[{"appium:appActivity":".Settings","appium:appPackage":"com.android.settings","appium:autoGrantPermissions":true,"appium:automationName":"uiautomator2","appium:deviceName":"emulator-5554 (SM-G9880 - Android 7.1.2)","appium:newCommandTimeout":1800,"platform":"ANDROID","platformName":"android","appium:platformVersion":"7.1.2","appium:systemPort":8272,"appium:udid":"emulator-5554"}]}}[39m
[35m[BaseDriver][39m The following capabilities are not standard capabilities and should have an extension prefix:
[35m[BaseDriver][39m   platform
[35m[BaseDriver][39m   chromedriverPort
[35m[Appium][39m Appium v1.22.3 creating new AndroidUiautomator2Driver (v1.70.1) session
[35m[BaseDriver][39m The following capabilities were provided, but are not recognized by Appium:
[35m[BaseDriver][39m   platform
[35m[BaseDriver][39m Session created with session id: fefb8ffd-9596-4635-915c-0c9fcc67b892
[35m[UiAutomator2][39m Starting 'com.android.settings' directly on the device
[35m[ADB][39m Found 1 'build-tools' folders under 'C:\Users\095058\.katalon\tools\android_sdk' (newest first):
[35m[ADB][39m     C:/Users/095058/.katalon/tools/android_sdk/build-tools/29.0.3
[35m[ADB][39m Using 'adb.exe' from 'C:\Users\095058\.katalon\tools\android_sdk\platform-tools\adb.exe'
[35m[AndroidDriver][39m Retrieving device list
[35m[AndroidDriver][39m Using device: emulator-5554
[35m[ADB][39m Using 'adb.exe' from 'C:\Users\095058\.katalon\tools\android_sdk\platform-tools\adb.exe'
[35m[AndroidDriver][39m No app sent in, not parsing package/activity
[35m[ADB][39m Using 'apksigner.jar' from 'C:\Users\095058\.katalon\tools\android_sdk\build-tools\29.0.3\lib\apksigner.jar'
[35m[ADB][39m 'C:\Users\095058\AppData\Roaming\npm\node_modules\appium\node_modules\appium-uiautomator2-server\apks\appium-uiautomator2-server-v4.27.0.apk' is signed with the default certificate
[35m[ADB][39m 'C:\Users\095058\AppData\Roaming\npm\node_modules\appium\node_modules\appium-uiautomator2-server\apks\appium-uiautomator2-server-debug-androidTest.apk' is signed with the default certificate
[35m[UiAutomator2][39m Server packages are not going to be (re)installed
[35m[ADB][39m Adding packages ["io.appium.settings","io.appium.uiautomator2.server","io.appium.uiautomator2.server.test"] to Doze whitelist
[35m[UiAutomator2][39m Starting UIAutomator2 server 4.27.0
[35m[UiAutomator2][39m Using UIAutomator2 server from 'C:\Users\095058\AppData\Roaming\npm\node_modules\appium\node_modules\appium-uiautomator2-server\apks\appium-uiautomator2-server-v4.27.0.apk' and test from 'C:\Users\095058\AppData\Roaming\npm\node_modules\appium\node_modules\appium-uiautomator2-server\apks\appium-uiautomator2-server-debug-androidTest.apk'
[35m[UiAutomator2][39m Waiting up to 30000ms for UiAutomator2 to be online...
[35m[WD Proxy][39m socket hang up
[35m[WD Proxy][39m socket hang up
[35m[WD Proxy][39m socket hang up
[35m[WD Proxy][39m Determined the downstream protocol as 'W3C'
[35m[AndroidDriver][39m Screen already unlocked, doing nothing
[35m[UiAutomator2][39m Starting 'com.android.settings/.Settings and waiting for 'com.android.settings/.Settings'
[35m[Appium][39m New AndroidUiautomator2Driver session created successfully, session fefb8ffd-9596-4635-915c-0c9fcc67b892 added to master session list
[35m[HTTP][39m [37m<-- POST /wd/hub/session [39m[32m200[39m [90m16988 ms - 1179[39m
[35m[HTTP][39m [90m[39m
[35m[HTTP][39m [37m-->[39m [37mGET[39m [37m/wd/hub/session/fefb8ffd-9596-4635-915c-0c9fcc67b892[39m
[35m[HTTP][39m [90m{}[39m
[35m[HTTP][39m [37m<-- GET /wd/hub/session/fefb8ffd-9596-4635-915c-0c9fcc67b892 [39m[32m200[39m [90m16 ms - 1133[39m
[35m[HTTP][39m [90m[39m
[35m[HTTP][39m [37m-->[39m [37mGET[39m [37m/wd/hub/session/fefb8ffd-9596-4635-915c-0c9fcc67b892[39m
[35m[HTTP][39m [90m{}[39m
[35m[HTTP][39m [37m<-- GET /wd/hub/session/fefb8ffd-9596-4635-915c-0c9fcc67b892 [39m[32m200[39m [90m15 ms - 1133[39m
[35m[HTTP][39m [90m[39m
[35m[HTTP][39m [37m-->[39m [37mGET[39m [37m/wd/hub/status[39m
[35m[HTTP][39m [90m{}[39m
[35m[HTTP][39m [37m<-- GET /wd/hub/status [39m[32m200[39m [90m1 ms - 68[39m
[35m[HTTP][39m [90m[39m
[35m[HTTP][39m [37m-->[39m [37mPOST[39m [37m/wd/hub/session/fefb8ffd-9596-4635-915c-0c9fcc67b892/timeouts[39m
[35m[HTTP][39m [90m{"implicit":60000}[39m
[35m[HTTP][39m [37m<-- POST /wd/hub/session/fefb8ffd-9596-4635-915c-0c9fcc67b892/timeouts [39m[32m200[39m [90m9 ms - 14[39m
[35m[HTTP][39m [90m[39m
[35m[HTTP][39m [37m-->[39m [37mGET[39m [37m/wd/hub/session/fefb8ffd-9596-4635-915c-0c9fcc67b892/screenshot[39m
[35m[HTTP][39m [90m{}[39m
[35m[HTTP][39m [37m<-- GET /wd/hub/session/fefb8ffd-9596-4635-915c-0c9fcc67b892/screenshot [39m[32m200[39m [90m605 ms - 139990[39m
[35m[HTTP][39m [90m[39m
[35m[HTTP][39m [37m-->[39m [37mGET[39m [37m/wd/hub/session/fefb8ffd-9596-4635-915c-0c9fcc67b892/window/rect[39m
[35m[HTTP][39m [90m{}[39m
[35m[HTTP][39m [37m<-- GET /wd/hub/session/fefb8ffd-9596-4635-915c-0c9fcc67b892/window/rect [39m[32m200[39m [90m27 ms - 50[39m
[35m[HTTP][39m [90m[39m
[35m[HTTP][39m [37m-->[39m [37mGET[39m [37m/wd/hub/session/fefb8ffd-9596-4635-915c-0c9fcc67b892/appium/device/system_bars[39m
[35m[HTTP][39m [90m{}[39m
[35m[HTTP][39m [37m<-- GET /wd/hub/session/fefb8ffd-9596-4635-915c-0c9fcc67b892/appium/device/system_bars [39m[31m500[39m [90m173 ms - 649[39m
[35m[HTTP][39m [90m[39m
[35m[HTTP][39m [37m-->[39m [37mPOST[39m [37m/wd/hub/session/fefb8ffd-9596-4635-915c-0c9fcc67b892/execute/sync[39m
[35m[HTTP][39m [90m{"script":"mobile:viewportRect","args":[]}[39m
[35m[AndroidDriver][39m Executing native command 'mobile:viewportRect'
[35m[HTTP][39m [37m<-- POST /wd/hub/session/fefb8ffd-9596-4635-915c-0c9fcc67b892/execute/sync [39m[32m200[39m [90m18 ms - 56[39m
[35m[HTTP][39m [90m[39m
[35m[HTTP][39m [37m-->[39m [37mPOST[39m [37m/wd/hub/session/fefb8ffd-9596-4635-915c-0c9fcc67b892/appium/device/activate_app[39m
[35m[HTTP][39m [90m{"bundleId":"com.example.mikebanks.bankscorpfinancial"}[39m
[35m[HTTP][39m [37m<-- POST /wd/hub/session/fefb8ffd-9596-4635-915c-0c9fcc67b892/appium/device/activate_app [39m[32m200[39m [90m1259 ms - 14[39m
[35m[HTTP][39m [90m[39m
[35m[HTTP][39m [37m-->[39m [37mGET[39m [37m/wd/hub/session/fefb8ffd-9596-4635-915c-0c9fcc67b892/source[39m
[35m[HTTP][39m [90m{}[39m
[35m[W3C (fefb8ffd)][39m Driver proxy active, passing request on via HTTP proxy
[35m[WD Proxy][39m Replacing sessionId 35f2df88-4998-47e8-9025-3dadd518d696 with fefb8ffd-9596-4635-915c-0c9fcc67b892
[35m[HTTP][39m [37m<-- GET /wd/hub/session/fefb8ffd-9596-4635-915c-0c9fcc67b892/source [39m[32m200[39m [90m1153 ms - 10624[39m
[35m[HTTP][39m [90m[39m
[35m[HTTP][39m [37m-->[39m [37mGET[39m [37m/wd/hub/session/fefb8ffd-9596-4635-915c-0c9fcc67b892/screenshot[39m
[35m[HTTP][39m [90m{}[39m
[35m[HTTP][39m [37m<-- GET /wd/hub/session/fefb8ffd-9596-4635-915c-0c9fcc67b892/screenshot [39m[32m200[39m [90m540 ms - 90596[39m
[35m[HTTP][39m [90m[39m
[35m[HTTP][39m [37m-->[39m [37mGET[39m [37m/wd/hub/session/fefb8ffd-9596-4635-915c-0c9fcc67b892/source[39m
[35m[HTTP][39m [90m{}[39m
[35m[W3C (fefb8ffd)][39m Driver proxy active, passing request on via HTTP proxy
[35m[WD Proxy][39m Replacing sessionId 35f2df88-4998-47e8-9025-3dadd518d696 with fefb8ffd-9596-4635-915c-0c9fcc67b892
[35m[HTTP][39m [37m<-- GET /wd/hub/session/fefb8ffd-9596-4635-915c-0c9fcc67b892/source [39m[32m200[39m [90m66 ms - 9745[39m
[35m[HTTP][39m [90m[39m
[35m[HTTP][39m [37m-->[39m [37mGET[39m [37m/wd/hub/session/fefb8ffd-9596-4635-915c-0c9fcc67b892/screenshot[39m
[35m[HTTP][39m [90m{}[39m
[35m[HTTP][39m [37m<-- GET /wd/hub/session/fefb8ffd-9596-4635-915c-0c9fcc67b892/screenshot [39m[32m200[39m [90m568 ms - 90896[39m
[35m[HTTP][39m [90m[39m
[35m[HTTP][39m [37m-->[39m [37mGET[39m [37m/wd/hub/session/fefb8ffd-9596-4635-915c-0c9fcc67b892/source[39m
[35m[HTTP][39m [90m{}[39m
[35m[W3C (fefb8ffd)][39m Driver proxy active, passing request on via HTTP proxy
[35m[WD Proxy][39m Replacing sessionId 35f2df88-4998-47e8-9025-3dadd518d696 with fefb8ffd-9596-4635-915c-0c9fcc67b892
[35m[HTTP][39m [37m<-- GET /wd/hub/session/fefb8ffd-9596-4635-915c-0c9fcc67b892/source [39m[32m200[39m [90m69 ms - 9745[39m
[35m[HTTP][39m [90m[39m
[35m[HTTP][39m [37m-->[39m [37mGET[39m [37m/wd/hub/session/fefb8ffd-9596-4635-915c-0c9fcc67b892/screenshot[39m
[35m[HTTP][39m [90m{}[39m
[35m[HTTP][39m [37m<-- GET /wd/hub/session/fefb8ffd-9596-4635-915c-0c9fcc67b892/screenshot [39m[32m200[39m [90m578 ms - 90896[39m
[35m[HTTP][39m [90m[39m
[35m[HTTP][39m [37m-->[39m [37mGET[39m [37m/wd/hub/session/fefb8ffd-9596-4635-915c-0c9fcc67b892/source[39m
[35m[HTTP][39m [90m{}[39m
[35m[W3C (fefb8ffd)][39m Driver proxy active, passing request on via HTTP proxy
[35m[WD Proxy][39m Replacing sessionId 35f2df88-4998-47e8-9025-3dadd518d696 with fefb8ffd-9596-4635-915c-0c9fcc67b892
[35m[HTTP][39m [37m<-- GET /wd/hub/session/fefb8ffd-9596-4635-915c-0c9fcc67b892/source [39m[32m200[39m [90m89 ms - 9745[39m
[35m[HTTP][39m [90m[39m
[35m[HTTP][39m [37m-->[39m [37mGET[39m [37m/wd/hub/session/fefb8ffd-9596-4635-915c-0c9fcc67b892/screenshot[39m
[35m[HTTP][39m [90m{}[39m
[35m[HTTP][39m [37m<-- GET /wd/hub/session/fefb8ffd-9596-4635-915c-0c9fcc67b892/screenshot [39m[32m200[39m [90m553 ms - 90896[39m
[35m[HTTP][39m [90m[39m
[35m[HTTP][39m [37m-->[39m [37mPOST[39m [37m/wd/hub/session/fefb8ffd-9596-4635-915c-0c9fcc67b892/elements[39m
[35m[HTTP][39m [90m{"using":"xpath","value":"//*[@class = 'android.widget.TextView' and (@text = 'Good morning, Adam. Welcome to the Bank App Demo. Happy Thursday.' or . = 'Good morning, Adam. Welcome to the Bank App Demo. Happy Thursday.') and @resource-id = 'com.example.mikebanks.bankscorpfinancial:id/txt_welcome']"}[39m
[35m[HTTP][39m [37m<-- POST /wd/hub/session/fefb8ffd-9596-4635-915c-0c9fcc67b892/elements [39m[32m200[39m [90m573 ms - 139[39m
[35m[HTTP][39m [90m[39m
[35m[HTTP][39m [37m-->[39m [37mPOST[39m [37m/wd/hub/session/fefb8ffd-9596-4635-915c-0c9fcc67b892/elements[39m
[35m[HTTP][39m [90m{"using":"xpath","value":"//*[@class = 'android.widget.ImageView' and @resource-id = 'com.example.mikebanks.bankscorpfinancial:id/img_time' and (@text = '' or . = '')]"}[39m
[35m[HTTP][39m [37m<-- POST /wd/hub/session/fefb8ffd-9596-4635-915c-0c9fcc67b892/elements [39m[32m200[39m [90m121 ms - 139[39m
[35m[HTTP][39m [90m[39m
[35m[HTTP][39m [37m-->[39m [37mPOST[39m [37m/wd/hub/session/fefb8ffd-9596-4635-915c-0c9fcc67b892/elements[39m
[35m[HTTP][39m [90m{"using":"xpath","value":"//*[@class = 'android.widget.TextView' and (@text = 'Good morning, Adam. Welcome to the Bank App Demo. Happy Thursday.' or . = 'Good morning, Adam. Welcome to the Bank App Demo. Happy Thursday.') and @resource-id = 'com.example.mikebanks.bankscorpfinancial:id/txt_welcome']"}[39m
[35m[HTTP][39m [37m<-- POST /wd/hub/session/fefb8ffd-9596-4635-915c-0c9fcc67b892/elements [39m[32m200[39m [90m113 ms - 139[39m
[35m[HTTP][39m [90m[39m
[35m[HTTP][39m [37m-->[39m [37mDELETE[39m [37m/wd/hub/session/fefb8ffd-9596-4635-915c-0c9fcc67b892[39m
[35m[HTTP][39m [90m{}[39m
[35m[Appium][39m Removing session fefb8ffd-9596-4635-915c-0c9fcc67b892 from our master session list
[35m[HTTP][39m [37m<-- DELETE /wd/hub/session/fefb8ffd-9596-4635-915c-0c9fcc67b892 [39m[32m200[39m [90m922 ms - 14[39m
[35m[HTTP][39m [90m[39m
